[0mGET / [32m200[0m 1288.514 ms - 8048[0m
[0mPOST /create-session [36m302[0m 684.404 ms - 46[0m
[0mGET / [32m200[0m 3804.624 ms - 29656[0m
[0mGET /destroy-session [36m302[0m 22.196 ms - 46[0m
[0mGET / [32m200[0m 32.663 ms - 8135[0m
[0mGET /auth/google [36m302[0m 7.936 ms - 0[0m
[0mGET /auth/google/callback?code=4%2F0AfJohXljD0YMW2gZ3U3HjYk6saTyAaHR2h8igB29A1M2RJ271M2gEORRj_oiku5rEEgB0A&scope=email+profile+https%3A%2F%2Fwww.googleapis.com%2Fauth%2Fuserinfo.profile+https%3A%2F%2Fwww.googleapis.com%2Fauth%2Fuserinfo.email+openid&authuser=0&prompt=none [36m302[0m 1585.296 ms - 46[0m
[0mGET / [32m200[0m 92.258 ms - 29656[0m
[0mGET /destroy-session [36m302[0m 293.724 ms - 46[0m
[0mGET / [32m200[0m 11.750 ms - 8135[0m
[0mPOST /create-session [36m302[0m 146.305 ms - 46[0m
[0mGET / [32m200[0m 74.454 ms - 29656[0m
[0mGET /destroy-session [36m302[0m 21.771 ms - 46[0m
[0mGET / [32m200[0m 12.433 ms - 8135[0m
[0mGET /signup [32m200[0m 5914.840 ms - 8260[0m
[0mPOST /create-user [36m302[0m 39.200 ms - 100[0m
[0mGET /signup [32m200[0m 8.176 ms - 8341[0m
[0mPOST /create-user [36m302[0m 300.600 ms - 46[0m
[0mGET / [32m200[0m 12.507 ms - 8142[0m
[0mPOST /create-session [36m302[0m 131.262 ms - 46[0m
[0mGET / [32m200[0m 69.429 ms - 29656[0m
[0mDELETE /students/delete/6528d9aa3af19b3556e55943 [31m500[0m 465.454 ms - 106[0m
[0mDELETE /students/delete/6528d9a93af19b3556e55934 [32m200[0m 1478.486 ms - 1557[0m
[0mDELETE /students/delete/6528d9aa3af19b3556e55943 [32m200[0m 108.040 ms - 856[0m
[0mDELETE /interviews/delete/65287617798715afa529c811 [32m200[0m 23.482 ms - 125[0m
[0mDELETE /students/delete/6528ebd062969a5ab4092c27 [32m200[0m 185.131 ms - 157[0m
[0mGET / [32m200[0m 4884.741 ms - 14010[0m
[0mGET / [36m304[0m 820.780 ms - -[0m
[0mGET / [32m200[0m 1018.646 ms - 8048[0m
[0mPOST /create-session [36m302[0m 192.336 ms - 46[0m
[0mGET / [32m200[0m 461.172 ms - 8134[0m
[0mGET /signup [32m200[0m 385.089 ms - 8260[0m
[0mPOST /create-user [36m302[0m 467.313 ms - 46[0m
[0mGET / [32m200[0m 120.344 ms - 8142[0m
[0mPOST /create-session [36m302[0m 334.654 ms - 46[0m
[0mGET / [32m200[0m 247.766 ms - 14010[0m
[0mPOST /students/add [32m200[0m 2594.222 ms - 277[0m
[0mGET /profile/6529169e423c28e67ba45e16 [32m200[0m 775.117 ms - 11360[0m
[0mPOST /update/6529169e423c28e67ba45e16 [36m302[0m 1646.259 ms - 152[0m
[0mGET /profile/6529169e423c28e67ba45e16 [32m200[0m 747.532 ms - 11490[0m
[0mGET /jobs [32m200[0m 611.585 ms - 18145[0m
[0mGET /jobs [36m304[0m 397.422 ms - -[0m
[0mGET / [32m200[0m 1231.725 ms - 17240[0m
[0mGET / [36m304[0m 1982.005 ms - -[0m
[0mGET / [36m304[0m 1573.951 ms - -[0m
[0mGET / [36m304[0m 465.914 ms - -[0m
[0mGET / [36m304[0m 1208.378 ms - -[0m
[0mGET / [36m304[0m 462.072 ms - -[0m
[0mGET / [36m304[0m 603.040 ms - -[0m
[0mGET / [36m304[0m 585.925 ms - -[0m
[0mGET / [36m304[0m 508.798 ms - -[0m
[0mGET / [36m304[0m 540.573 ms - -[0m
[0mGET / [36m304[0m 1299.680 ms - -[0m
[0mGET / [36m304[0m 522.201 ms - -[0m
[0mGET / [36m304[0m 472.584 ms - -[0m
[0mGET / [36m304[0m 734.229 ms - -[0m
[0mGET / [36m304[0m 930.178 ms - -[0m
[0mGET / [36m304[0m 563.505 ms - -[0m
[0mGET / [36m304[0m 445.590 ms - -[0m
[0mGET / [36m304[0m 478.224 ms - -[0m
[0mGET / [36m304[0m 445.302 ms - -[0m
[0mGET / [36m304[0m 454.437 ms - -[0m
[0mGET /destroy-session [36m302[0m 343.044 ms - 46[0m
[0mGET / [32m200[0m 126.093 ms - 8135[0m
[0mPOST /create-session [36m302[0m 1003.643 ms - 46[0m
[0mGET / [32m200[0m 808.670 ms - 17240[0m
[0mGET / [32m200[0m 1332.882 ms - 8048[0m
[0mPOST /create-session [36m302[0m 575.954 ms - 46[0m
[0mGET / [32m200[0m 943.668 ms - 17240[0m
[0mGET / [32m200[0m 1811.681 ms - 17237[0m
[0mGET / [32m200[0m 1234.723 ms - 17240[0m
[0mGET / [32m200[0m 606.436 ms - 17240[0m
[0mGET / [36m304[0m 1102.497 ms - -[0m
[0mGET / [36m304[0m 570.367 ms - -[0m
[0mGET / [36m304[0m 381.513 ms - -[0m
[0mGET / [36m304[0m 490.856 ms - -[0m
[0mGET / [32m200[0m 1240.856 ms - 8048[0m
[0mGET / [32m200[0m 53.222 ms - 14010[0m
[0mPOST /create-session [36m302[0m 464.561 ms - 46[0m
